attendance_m/build/app/intermediates/manifest_merge_blame_file/debug/manifest-merger-blame-debug-report.txt
1<?xml version="1.0" encoding="utf-8"?>
2<manifest xmlns:android="http://schemas.android.com/apk/res/android"
3    package="com.example.attendance_m"
4    android:versionCode="1"
5    android:versionName="1.0.0" >
6
7    <uses-sdk
8        android:minSdkVersion="24"
9        android:targetSdkVersion="29" />
10    <!--
11         Flutter needs it to communicate with the running application
12         to allow setting breakpoints, to provide hot reload, etc.
13    -->
14    <uses-permission android:name="android.permission.INTERNET" />
14-->src\debug\AndroidManifest.xml:6:5-66
14-->src\debug\AndroidManifest.xml:6:22-64
15    <uses-permission android:name="android.permission.WRITE_EXTERNAL_STORAGE" />
15-->src\main\AndroidManifest.xml:49:5-81
15-->src\main\AndroidManifest.xml:49:22-78
16    <uses-permission android:name="android.permission.READ_EXTERNAL_STORAGE" />
16-->src\main\AndroidManifest.xml:50:5-80
16-->src\main\AndroidManifest.xml:50:22-77
17    <uses-permission android:name="android.permission.CAMERA" />
17-->src\main\AndroidManifest.xml:51:5-65
17-->src\main\AndroidManifest.xml:51:22-62
18    <uses-permission android:name="android.permission.READ_SMS" />
18-->[:sms] AndroidManifest.xml:7:5-67
18-->[:sms] AndroidManifest.xml:7:22-64
19    <uses-permission android:name="android.permission.SEND_SMS" />
19-->[:sms] AndroidManifest.xml:8:5-67
19-->[:sms] AndroidManifest.xml:8:22-64
20    <uses-permission android:name="android.permission.RECEIVE_SMS" />
20-->[:sms] AndroidManifest.xml:9:5-70
20-->[:sms] AndroidManifest.xml:9:22-67
21    <uses-permission android:name="android.permission.READ_PHONE_STATE" />
21-->[:sms] AndroidManifest.xml:10:5-75
21-->[:sms] AndroidManifest.xml:10:22-72
22    <uses-permission android:name="android.permission.READ_CONTACTS" />
22-->[:sms] AndroidManifest.xml:11:5-72
22-->[:sms] AndroidManifest.xml:11:22-69
23    <uses-permission android:name="android.permission.READ_PROFILE" />
23-->[:sms] AndroidManifest.xml:12:5-71
23-->[:sms] AndroidManifest.xml:12:22-68
24    <uses-permission android:name="android.permission.WAKE_LOCK" />
24-->[:flutter_sound] AndroidManifest.xml:7:5-68
24-->[:flutter_sound] AndroidManifest.xml:7:22-65
25    <!--
26 io.flutter.app.FlutterApplication is an android.app.Application that
27         calls FlutterMain.startInitialization(this); in its onCreate method.
28         In most cases you can leave this as-is, but you if you want to provide
29         additional functionality it is fine to subclass or reimplement
30         FlutterApplication and put your custom class here.
31    -->
32    <application
32-->src\main\AndroidManifest.xml:9:5-48:19
33        android:name="io.flutter.app.FlutterApplication"
33-->src\main\AndroidManifest.xml:10:9-57
34        android:appComponentFactory="androidx.core.app.CoreComponentFactory"
34-->[androidx.core:core:1.1.0] AndroidManifest.xml:24:18-86
35        android:debuggable="true"
36        android:icon="@mipmap/ic_launcher"
36-->src\main\AndroidManifest.xml:13:9-43
37        android:label="attendance_m"
37-->src\main\AndroidManifest.xml:12:9-37
38        android:requestLegacyExternalStorage="true" >
38-->src\main\AndroidManifest.xml:11:9-52
39        <activity
39-->src\main\AndroidManifest.xml:14:9-42:20
40            android:name="com.example.attendance_m.MainActivity"
40-->src\main\AndroidManifest.xml:15:13-41
41            android:configChanges="orientation|keyboardHidden|keyboard|screenSize|smallestScreenSize|locale|layoutDirection|fontScale|screenLayout|density|uiMode"
41-->src\main\AndroidManifest.xml:18:13-163
42            android:hardwareAccelerated="true"
42-->src\main\AndroidManifest.xml:19:13-47
43            android:launchMode="singleTop"
43-->src\main\AndroidManifest.xml:16:13-43
44            android:theme="@style/LaunchTheme"
44-->src\main\AndroidManifest.xml:17:13-47
45            android:windowSoftInputMode="adjustResize" >
45-->src\main\AndroidManifest.xml:20:13-55
46
47            <!--
48                 Specifies an Android theme to apply to this Activity as soon as
49                 the Android process has started. This theme is visible to the user
50                 while the Flutter UI initializes. After that, this theme continues
51                 to determine the Window background behind the Flutter UI.
52            -->
53            <meta-data
53-->src\main\AndroidManifest.xml:25:13-28:17
54                android:name="io.flutter.embedding.android.NormalTheme"
54-->src\main\AndroidManifest.xml:26:15-70
55                android:resource="@style/NormalTheme" />
55-->src\main\AndroidManifest.xml:27:15-52
56            <!--
57                 Displays an Android View that continues showing the launch screen
58                 Drawable until Flutter paints its first frame, then this splash
59                 screen fades out. A splash screen is useful to avoid any visual
60                 gap between the end of Android's launch screen and the painting of
61                 Flutter's first frame.
62            -->
63            <meta-data
63-->src\main\AndroidManifest.xml:34:13-37:17
64                android:name="io.flutter.embedding.android.SplashScreenDrawable"
64-->src\main\AndroidManifest.xml:35:15-79
65                android:resource="@drawable/launch_background" />
65-->src\main\AndroidManifest.xml:36:15-61
66
67            <intent-filter>
67-->src\main\AndroidManifest.xml:38:13-41:29
68                <action android:name="android.intent.action.MAIN" />
68-->src\main\AndroidManifest.xml:39:17-68
68-->src\main\AndroidManifest.xml:39:25-66
69
70                <category android:name="android.intent.category.LAUNCHER" />
70-->src\main\AndroidManifest.xml:40:17-76
70-->src\main\AndroidManifest.xml:40:27-74
71            </intent-filter>
72        </activity>
73        <!--
74             Don't delete the meta-data below.
75             This is used by the Flutter tool to generate GeneratedPluginRegistrant.java
76        -->
77        <meta-data
77-->src\main\AndroidManifest.xml:45:9-47:33
78            android:name="flutterEmbedding"
78-->src\main\AndroidManifest.xml:46:13-44
79            android:value="2" />
79-->src\main\AndroidManifest.xml:47:13-30
80
81        <receiver android:name="androidx.media.session.MediaButtonReceiver" >
81-->[:flutter_sound] AndroidManifest.xml:10:9-15:20
81-->[:flutter_sound] AndroidManifest.xml:10:19-76
82            <intent-filter>
82-->[:flutter_sound] AndroidManifest.xml:11:13-14:29
83                <action android:name="android.intent.action.MEDIA_BUTTON" />
83-->[:flutter_sound] AndroidManifest.xml:12:17-77
83-->[:flutter_sound] AndroidManifest.xml:12:25-74
84                <action android:name="android.media.AUDIO_BECOMING_NOISY" />
84-->[:flutter_sound] AndroidManifest.xml:13:17-77
84-->[:flutter_sound] AndroidManifest.xml:13:25-74
85            </intent-filter>
86        </receiver>
87
88        <service android:name="com.dooboolab.fluttersound.BackgroundAudioService" >
88-->[:flutter_sound] AndroidManifest.xml:17:9-23:19
88-->[:flutter_sound] AndroidManifest.xml:17:18-82
89            <intent-filter>
89-->[:flutter_sound] AndroidManifest.xml:18:13-22:29
90                <action android:name="android.intent.action.MEDIA_BUTTON" />
90-->[:flutter_sound] AndroidManifest.xml:12:17-77
90-->[:flutter_sound] AndroidManifest.xml:12:25-74
91                <action android:name="android.media.AUDIO_BECOMING_NOISY" />
91-->[:flutter_sound] AndroidManifest.xml:13:17-77
91-->[:flutter_sound] AndroidManifest.xml:13:25-74
92                <action android:name="android.media.browse.MediaBrowserService" />
92-->[:flutter_sound] AndroidManifest.xml:21:17-83
92-->[:flutter_sound] AndroidManifest.xml:21:25-80
93            </intent-filter>
94        </service>
95
96        <provider
96-->[:image_picker] AndroidManifest.xml:11:9-19:20
97            android:name="io.flutter.plugins.imagepicker.ImagePickerFileProvider"
97-->[:image_picker] AndroidManifest.xml:12:13-82
98            android:authorities="com.example.attendance_m.flutter.image_provider"
98-->[:image_picker] AndroidManifest.xml:13:13-74
99            android:exported="false"
99-->[:image_picker] AndroidManifest.xml:14:13-37
100            android:grantUriPermissions="true" >
100-->[:image_picker] AndroidManifest.xml:15:13-47
101            <meta-data
101-->[:image_picker] AndroidManifest.xml:16:13-18:75
102                android:name="android.support.FILE_PROVIDER_PATHS"
102-->[:image_picker] AndroidManifest.xml:17:17-67
103                android:resource="@xml/flutter_image_picker_file_paths" />
103-->[:image_picker] AndroidManifest.xml:18:17-72
104        </provider>
105    </application>
106
107</manifest>